make.exe all --print-data-base --no-builtin-variables --no-builtin-rules --question
make: *** No rule to make target 'all'.  Stop.

# GNU Make 4.4.1
# Built for Windows32
# Copyright (C) 1988-2023 Free Software Foundation, Inc.
# License GPLv3+: GNU GPL version 3 or later <https://gnu.org/licenses/gpl.html>
# This is free software: you are free to change and redistribute it.
# There is NO WARRANTY, to the extent permitted by law.

# Make data base, printed on Wed Apr 12 07:46:48 2023

# Variables

# environment
FPS_BROWSER_APP_PROFILE_STRING = Internet Explorer
# environment
SYSTEMDRIVE = C:
# environment
PYENV = C:\Users\mihai\scoop\apps\pyenv\current\pyenv-win
# environment
LC_ALL = C
# environment
USERPROFILE = C:\Users\mihai
# environment
LOCALAPPDATA = C:\Users\mihai\AppData\Local
# environment
VSCODE_CRASH_REPORTER_PROCESS_TYPE = extensionHost
# environment
VSCODE_CWD = C:\Users\mihai\AppData\Local\Programs\Microsoft VS Code
# environment
SYSTEMROOT = C:\WINDOWS
# environment
PROCESSOR_LEVEL = 23
# environment
PSMODULEPATH = C:\Program Files\WindowsPowerShell\Modules;C:\WINDOWS\system32\WindowsPowerShell\v1.0\Modules
# default
MAKE_COMMAND := C:/Users/mihai/scoop/apps/make/current/bin/make.exe
# automatic
@D = $(patsubst %/,%,$(patsubst %\,%,$(dir $@)))
# environment
CHROME_CRASHPAD_PIPE_NAME = \\.\pipe\LOCAL\crashpad_25480_DWRWHFKBYJJLVODB
# environment
ONEDRIVECOMMERCIAL = C:\Users\mihai\OneDrive - unibuc.ro
# environment
FPS_BROWSER_USER_PROFILE_STRING = Default
# environment
VSCODE_HANDLES_UNCAUGHT_ERRORS = true
# default
.VARIABLES := 
# automatic
%D = $(patsubst %/,%,$(patsubst %\,%,$(dir $%)))
# environment
EFC_6548 = 1
# automatic
^D = $(patsubst %/,%,$(patsubst %\,%,$(dir $^)))
# automatic
%F = $(notdir $%)
# environment
VSCODE_CODE_CACHE_PATH = C:\Users\mihai\AppData\Roaming\Code\CachedData\e344f1f539a80912a0e9357cec841f36ce97a4e2
# environment
LANG = C
# default
.LOADED := 
# environment
TMP = C:\Users\mihai\AppData\Local\Temp
# default
.INCLUDE_DIRS := .
# environment
PROCESSOR_ARCHITEW6432 = AMD64
# makefile
MAKEFLAGS = pqrR
# environment
ONEDRIVE = C:\Users\mihai\OneDrive - unibuc.ro
# makefile
CURDIR := c:/Users/mihai/Projects/bvb-client
# environment
APPLICATION_INSIGHTS_NO_DIAGNOSTIC_CHANNEL = 1
# environment
VSCODE_L10N_BUNDLE_LOCATION = 
# automatic
*D = $(patsubst %/,%,$(patsubst %\,%,$(dir $*)))
# environment
PROGRAMFILES = C:\Program Files (x86)
# environment
MFLAGS = -pqrR
# default
.SHELLFLAGS := -c
# environment
COMMONPROGRAMW6432 = C:\Program Files\Common Files
# automatic
+D = $(patsubst %/,%,$(patsubst %\,%,$(dir $+)))
# makefile (from 'Makefile', line 1)
MAKEFILE_LIST := Makefile
# automatic
@F = $(notdir $@)
# environment
VSCODE_PID = 25480
# automatic
?D = $(patsubst %/,%,$(patsubst %\,%,$(dir $?)))
# automatic
*F = $(notdir $*)
# automatic
<D = $(patsubst %/,%,$(patsubst %\,%,$(dir $<)))
# environment
VSCODE_NLS_CONFIG = {"locale":"en-us","osLocale":"en-gb","availableLanguages":{},"_languagePackSupport":true}
# environment
ONEDRIVECONSUMER = C:\Users\mihai\OneDrive
# default
MAKE_HOST := Windows32
# environment
PROGRAMDATA = C:\ProgramData
# default
SHELL := sh.exe
# environment
HOMEPATH = \Users\mihai
# default
MAKECMDGOALS := all
# environment
DRIVERDATA = C:\Windows\System32\Drivers\DriverData
# environment
COMSPEC = C:\WINDOWS\system32\cmd.exe
# environment
WINDIR = C:\WINDOWS
# environment
MAKELEVEL := 0
# default
MAKE = $(MAKE_COMMAND)
# environment
PATH = C:\Windows\system32;C:\Windows;C:\Windows\System32\Wbem;C:\Windows\System32\WindowsPowerShell\v1.0\;C:\Windows\System32\OpenSSH\;C:\Program Files\NVIDIA Corporation\NVIDIA NvDLISR;C:\WINDOWS\system32;C:\WINDOWS;C:\WINDOWS\System32\Wbem;C:\WINDOWS\System32\WindowsPowerShell\v1.0\;C:\WINDOWS\System32\OpenSSH\;C:\Program Files (x86)\dotnet\;C:\Program Files\Git\cmd;C:\Program Files (x86)\NVIDIA Corporation\PhysX\Common;C:\Program Files\Docker\Docker\resources\bin;C:\Users\mihai\scoop\apps\composer\current\home\vendor\bin;C:\Users\mihai\scoop\apps\nodejs\current\bin;C:\Users\mihai\scoop\apps\nodejs\current;C:\Users\mihai\scoop\apps\python310\current\Scripts;C:\Users\mihai\scoop\apps\python310\current;C:\Users\mihai\scoop\apps\python\current\Scripts;C:\Users\mihai\scoop\apps\python\current;C:\Users\mihai\scoop\apps\pyenv\current\pyenv-win\bin;C:\Users\mihai\scoop\apps\pyenv\current\pyenv-win\shims;C:\Users\mihai\scoop\shims;C:\Users\mihai\AppData\Local\Microsoft\WindowsApps;C:\Users\mihai\AppData\Local\Programs\Microsoft VS Code\bin;C:\Users\mihai\AppData\Local\GitHubDesktop\bin;C:\Program Files (x86)\GitHub CLI\;C:\Users\mihai\.dotnet\tools;C:\Users\mihai\AppData\Local\JetBrains\Toolbox\scripts;%USERPROFILE%\AppData\Local\Microsoft\WindowsApps
# environment
COMPUTERNAME = LEGION-MIHAI
# default
MAKEFILES := 
# automatic
^F = $(notdir $^)
# environment
PROMPT = $P$G
# environment
LOGONSERVER = \\LEGION-MIHAI
# environment
USERNAME = mihai
# environment
COMMONPROGRAMFILES = C:\Program Files (x86)\Common Files
# automatic
?F = $(notdir $?)
# environment
PROGRAMW6432 = C:\Program Files
# environment
PATHEXT = .COM;.EXE;.BAT;.CMD;.VBS;.VBE;.JS;.JSE;.WSF;.WSH;.MSC
# automatic
+F = $(notdir $+)
# environment
ORIGINAL_XDG_CURRENT_DESKTOP = undefined
# environment
PYENV_ROOT = C:\Users\mihai\scoop\apps\pyenv\current\pyenv-win
# environment
USERDOMAIN = LEGION-MIHAI
# 'override' directive
GNUMAKEFLAGS := 
# environment
OS = Windows_NT
# environment
PHP_INI_SCAN_DIR = C:\Users\mihai\scoop\apps\php\current\cli;C:\Users\mihai\scoop\apps\php\current\cli\conf.d;
# environment
COMPOSER_HOME = C:\Users\mihai\scoop\persist\composer\home
# makefile
.DEFAULT_GOAL := test
# default
MAKE_VERSION := 4.4.1
# environment
PROGRAMFILES(X86) = C:\Program Files (x86)
# environment
USERDOMAIN_ROAMINGPROFILE = LEGION-MIHAI
# environment
NUMBER_OF_PROCESSORS = 16
# environment
PUBLIC = C:\Users\Public
# environment
APPDATA = C:\Users\mihai\AppData\Roaming
# environment
HOMEDRIVE = C:
# environment
PROCESSOR_ARCHITECTURE = x86
# environment
VSCODE_AMD_ENTRYPOINT = vs/workbench/api/node/extensionHostProcess
# environment
COMMONPROGRAMFILES(X86) = C:\Program Files (x86)\Common Files
# environment
ELECTRON_RUN_AS_NODE = 1
# environment
TEMP = C:\Users\mihai\AppData\Local\Temp
# environment
VSCODE_IPC_HOOK = \\.\pipe\19981d2fcc3c69bd642cf2f898f25b25-1.77.2-main-sock
# default
.RECIPEPREFIX := 
# automatic
<F = $(notdir $<)
# default
SUFFIXES := 
# environment
ALLUSERSPROFILE = C:\ProgramData
# environment
SESSIONNAME = Console
# default
.FEATURES := target-specific order-only second-expansion else-if shortest-stem undefine oneshell nocomment grouped-target extra-prereqs notintermediate shell-export archives jobserver output-sync load dospaths
# environment
PROCESSOR_REVISION = 6001
# environment
PYENV_HOME = C:\Users\mihai\scoop\apps\pyenv\current\pyenv-win
# environment
PROCESSOR_IDENTIFIER = AMD64 Family 23 Model 96 Stepping 1, AuthenticAMD
# variable set hash-table stats:
# Load=99/1024=10%, Rehash=0, Collisions=11/127=9%

# Pattern-specific Variable Values

# No pattern-specific variable values.

# Directories

# . (key c:/Users/mihai/Projects/bvb-client, mtime 1681235976): 25 files, no impossibilities.

# 25 files, no impossibilities in 1 directories.

# Implicit Rules

# No implicit rules.

# Files

test-coverage:
#  Implicit rule search has not been done.
#  Modification time never checked.
#  File has not been updated.
#  recipe to execute (from 'Makefile', line 5):
	./vendor/bin/pest --coverage-html --parallel build/coverage

# Not a target:
Makefile:
#  Implicit rule search has been done.
#  File is secondary (prerequisite of .SECONDARY).
#  Last modified 2022-07-12 10:16:58
#  File has been updated.
#  Successfully updated.

static-analysis:
#  Implicit rule search has not been done.
#  Modification time never checked.
#  File has not been updated.
#  recipe to execute (from 'Makefile', line 17):
	@echo "Running PHP Stan"
	./vendor/bin/phpstan analyze ./src/ --level 8
	@echo "Running PHP CodeSniffer"
	./vendor/bin/phpcs --standard=PSR12 ./src/
	@echo "Running Psalm"
	./vendor/bin/psalm

unit-test:
#  Implicit rule search has not been done.
#  Modification time never checked.
#  File has not been updated.
#  recipe to execute (from 'Makefile', line 8):
	./vendor/bin/pest --testsuite=Unit --parallel

# Not a target:
.DEFAULT:
#  Implicit rule search has not been done.
#  Modification time never checked.
#  File has not been updated.

# Not a target:
all:
#  Command line target.
#  Implicit rule search has been done.
#  File does not exist.
#  File has not been updated.

build: static-analysis test mutation-test
#  Implicit rule search has not been done.
#  Modification time never checked.
#  File has not been updated.

test:
#  Implicit rule search has not been done.
#  Modification time never checked.
#  File has not been updated.
#  recipe to execute (from 'Makefile', line 2):
	./vendor/bin/pest --parallel

feature-test:
#  Implicit rule search has not been done.
#  Modification time never checked.
#  File has not been updated.
#  recipe to execute (from 'Makefile', line 11):
	./vendor/bin/pest --testsuite=Feature --parallel

mutation-test:
#  Implicit rule search has not been done.
#  Modification time never checked.
#  File has not been updated.
#  recipe to execute (from 'Makefile', line 14):
	XDEBUG_MODE=coverage ./vendor/bin/infection --test-framework=pest --show-mutations

# files hash-table stats:
# Load=11/1024=1%, Rehash=0, Collisions=0/25=0%
# VPATH Search Paths

# No 'vpath' search paths.

# No general ('VPATH' variable) search path.

# strcache buffers: 1 (0) / strings = 34 / storage = 334 B / avg = 9 B
# current buf: size = 8174 B / used = 334 B / count = 34 / avg = 9 B

# strcache performance: lookups = 49 / hit rate = 30%
# hash-table stats:
# Load=34/8192=0%, Rehash=0, Collisions=0/49=0%
# Finished Make data base on Wed Apr 12 07:46:48 2023

 
